[rospy.client][INFO] 2017-03-09 13:41:50,913: init_node, name[/cone_finder], pid[19760]
[xmlrpc][INFO] 2017-03-09 13:41:50,914: XML-RPC server binding to 0.0.0.0:0
[xmlrpc][INFO] 2017-03-09 13:41:50,915: Started XML-RPC server [http://10.42.0.1:35532/]
[rospy.impl.masterslave][INFO] 2017-03-09 13:41:50,918: _ready: http://10.42.0.1:35532/
[rospy.init][INFO] 2017-03-09 13:41:50,916: ROS Slave URI: [http://10.42.0.1:35532/]
[xmlrpc][INFO] 2017-03-09 13:41:50,921: xml rpc node: starting XML-RPC server
[rospy.registration][INFO] 2017-03-09 13:41:50,921: Registering with master node http://10.42.0.1:11311
[rospy.registration][INFO] 2017-03-09 13:41:50,926: Registering publisher topic [/cone_finder/depthCamInfo] type [sensor_msgs/CameraInfo] with master
[rospy.registration][INFO] 2017-03-09 13:41:50,946: Registering publisher topic [/cone_finder/colorCamInfo] type [sensor_msgs/CameraInfo] with master
[rospy.registration][INFO] 2017-03-09 13:41:50,962: Registering publisher topic [/cone_finder/depthImage] type [sensor_msgs/Image] with master
[rospy.registration][INFO] 2017-03-09 13:41:50,989: Registering publisher topic [/cone_finder/locations] type [cone_finder/location_msgs] with master
[rospy.registration][INFO] 2017-03-09 13:41:51,001: Registering publisher topic [/cone_finder/colorImage] type [sensor_msgs/Image] with master
[rospy.init][INFO] 2017-03-09 13:41:51,022: registered with master
[rospy.rosout][INFO] 2017-03-09 13:41:51,022: initializing /rosout core topic
[rospy.rosout][INFO] 2017-03-09 13:41:51,041: connected to core topic /rosout
[rospy.simtime][INFO] 2017-03-09 13:41:51,055: /use_sim_time is not set, will not subscribe to simulated time [/clock] topic
[rospy.internal][INFO] 2017-03-09 13:41:51,190: topic[/camera/color/image_raw] adding connection to [http://10.42.0.1:44985/], count 0
[rosout][INFO] 2017-03-09 13:41:51,198: [RosColorDepth] Initialized.
[rospy.internal][INFO] 2017-03-09 13:41:51,231: topic[/rosout] adding connection to [/rosout], count 0
[rospy.internal][INFO] 2017-03-09 13:41:51,372: topic[/camera/color/camera_info] adding connection to [http://10.42.0.1:44985/], count 0
[rospy.internal][INFO] 2017-03-09 13:41:51,798: topic[/camera/depth/image_raw] adding connection to [http://10.42.0.1:44985/], count 0
[rospy.internal][INFO] 2017-03-09 13:41:51,968: topic[/camera/depth/camera_info] adding connection to [http://10.42.0.1:44985/], count 0
[rospy.internal][INFO] 2017-03-09 13:41:57,959: topic[/cone_finder/colorImage] adding connection to [/image_view], count 0
[rosout][INFO] 2017-03-09 13:42:00,293: FS = 0.066
[rosout][INFO] 2017-03-09 13:42:06,959: FS = 0.064
[rosout][INFO] 2017-03-09 13:42:13,621: FS = 0.065
[rosout][INFO] 2017-03-09 13:42:20,290: FS = 0.064
[rosout][INFO] 2017-03-09 13:42:26,956: FS = 0.065
[rosout][INFO] 2017-03-09 13:42:33,622: FS = 0.065
[rosout][INFO] 2017-03-09 13:42:40,283: FS = 0.065
[rosout][INFO] 2017-03-09 13:42:46,948: FS = 0.064
[rosout][INFO] 2017-03-09 13:42:53,612: FS = 0.065
[rosout][INFO] 2017-03-09 13:43:00,279: FS = 0.065
[rosout][INFO] 2017-03-09 13:43:06,948: FS = 0.065
[rosout][INFO] 2017-03-09 13:43:13,616: FS = 0.066
[rosout][INFO] 2017-03-09 13:43:20,280: FS = 0.066
[rosout][INFO] 2017-03-09 13:43:26,946: FS = 0.066
[rosout][INFO] 2017-03-09 13:43:33,610: FS = 0.066
[rosout][INFO] 2017-03-09 13:43:40,272: FS = 0.066
[rosout][INFO] 2017-03-09 13:43:46,937: FS = 0.065
[rosout][INFO] 2017-03-09 13:43:53,606: FS = 0.067
[rosout][INFO] 2017-03-09 13:44:00,272: FS = 0.065
[rosout][INFO] 2017-03-09 13:44:06,930: FS = 0.065
[rosout][INFO] 2017-03-09 13:44:13,602: FS = 0.066
[rosout][INFO] 2017-03-09 13:44:20,261: FS = 0.065
[rosout][INFO] 2017-03-09 13:44:26,933: FS = 0.065
[rosout][INFO] 2017-03-09 13:44:33,560: FS = 0.065
[rosout][INFO] 2017-03-09 13:44:40,228: FS = 0.065
[rosout][INFO] 2017-03-09 13:44:46,861: FS = 0.065
[rosout][INFO] 2017-03-09 13:44:53,526: FS = 0.065
[rosout][INFO] 2017-03-09 13:45:00,194: FS = 0.065
[rosout][INFO] 2017-03-09 13:45:06,829: FS = 0.065
[rosout][INFO] 2017-03-09 13:45:13,490: FS = 0.065
[rosout][INFO] 2017-03-09 13:45:20,156: FS = 0.065
[rosout][INFO] 2017-03-09 13:45:26,821: FS = 0.065
[rosout][INFO] 2017-03-09 13:45:33,482: FS = 0.065
[rosout][INFO] 2017-03-09 13:45:40,146: FS = 0.065
[rosout][INFO] 2017-03-09 13:45:46,815: FS = 0.065
[rosout][INFO] 2017-03-09 13:45:53,481: FS = 0.065
[rosout][INFO] 2017-03-09 13:46:00,146: FS = 0.065
[rosout][INFO] 2017-03-09 13:46:06,811: FS = 0.065
[rosout][INFO] 2017-03-09 13:46:13,477: FS = 0.065
[rosout][INFO] 2017-03-09 13:46:20,142: FS = 0.065
[rosout][INFO] 2017-03-09 13:46:26,808: FS = 0.065
[rosout][INFO] 2017-03-09 13:46:33,469: FS = 0.065
[rosout][INFO] 2017-03-09 13:46:40,141: FS = 0.065
[rosout][INFO] 2017-03-09 13:46:46,806: FS = 0.066
[rosout][INFO] 2017-03-09 13:46:53,470: FS = 0.065
[rosout][INFO] 2017-03-09 13:47:00,139: FS = 0.065
[rosout][INFO] 2017-03-09 13:47:06,800: FS = 0.066
[rosout][INFO] 2017-03-09 13:47:13,470: FS = 0.065
[rosout][INFO] 2017-03-09 13:47:20,135: FS = 0.066
[rosout][INFO] 2017-03-09 13:47:26,800: FS = 0.065
[rosout][INFO] 2017-03-09 13:47:33,462: FS = 0.065
[rosout][INFO] 2017-03-09 13:47:40,129: FS = 0.066
[rosout][INFO] 2017-03-09 13:47:46,792: FS = 0.066
[rosout][INFO] 2017-03-09 13:47:53,459: FS = 0.065
[rosout][INFO] 2017-03-09 13:48:00,095: FS = 0.065
[rosout][INFO] 2017-03-09 13:48:06,756: FS = 0.065
[rosout][INFO] 2017-03-09 13:48:13,424: FS = 0.065
[rosout][INFO] 2017-03-09 13:48:20,090: FS = 0.065
[rosout][INFO] 2017-03-09 13:48:26,755: FS = 0.065
[rosout][INFO] 2017-03-09 13:48:33,421: FS = 0.065
[rosout][INFO] 2017-03-09 13:48:40,085: FS = 0.065
[rosout][INFO] 2017-03-09 13:48:46,750: FS = 0.065
[rosout][INFO] 2017-03-09 13:48:53,429: FS = 0.065
[rospy.core][INFO] 2017-03-09 13:48:53,440: signal_shutdown [signal-2]
[rospy.internal][INFO] 2017-03-09 13:48:53,588: topic[/rosout] removing connection to /rosout
[rospy.internal][INFO] 2017-03-09 13:48:53,589: topic[/cone_finder/colorImage] removing connection to /image_view
[rospy.internal][INFO] 2017-03-09 13:48:53,601: topic[/camera/depth/camera_info] removing connection to http://10.42.0.1:44985/
[rospy.internal][ERROR] 2017-03-09 13:48:53,609: Traceback (most recent call last):
  File "/opt/ros/kinetic/lib/python2.7/dist-packages/rospy/impl/tcpros_base.py", line 711, in receive_once
    self.stat_bytes += recv_buff(sock, b, p.buff_size)
  File "/opt/ros/kinetic/lib/python2.7/dist-packages/rospy/impl/tcpros_base.py", line 103, in recv_buff
    d = sock.recv(buff_size)
error: [Errno 104] Connection reset by peer

[rospy.internal][ERROR] 2017-03-09 13:48:53,611: Traceback (most recent call last):
  File "/opt/ros/kinetic/lib/python2.7/dist-packages/rospy/impl/tcpros_base.py", line 711, in receive_once
    self.stat_bytes += recv_buff(sock, b, p.buff_size)
  File "/opt/ros/kinetic/lib/python2.7/dist-packages/rospy/impl/tcpros_base.py", line 103, in recv_buff
    d = sock.recv(buff_size)
  File "/usr/lib/python2.7/socket.py", line 174, in _dummy
    raise error(EBADF, 'Bad file descriptor')
error: [Errno 9] Bad file descriptor

[rospy.internal][WARNING] 2017-03-09 13:48:53,612: Unknown error initiating TCP/IP socket to 10.42.0.1:49423 (http://10.42.0.1:44985/): Traceback (most recent call last):
  File "/opt/ros/kinetic/lib/python2.7/dist-packages/rospy/impl/tcpros_base.py", line 557, in connect
    self.read_header()
  File "/opt/ros/kinetic/lib/python2.7/dist-packages/rospy/impl/tcpros_base.py", line 632, in read_header
    self._validate_header(read_ros_handshake_header(sock, self.read_buff, self.protocol.buff_size))
AttributeError: 'NoneType' object has no attribute 'buff_size'

[rospy.internal][INFO] 2017-03-09 13:48:53,612: topic[/camera/color/image_raw] removing connection to http://10.42.0.1:44985/
[rospy.internal][INFO] 2017-03-09 13:48:53,613: topic[/camera/color/image_raw] removing connection to http://10.42.0.1:44985/
[rospy.internal][INFO] 2017-03-09 13:48:53,613: topic[/camera/depth/image_raw] removing connection to http://10.42.0.1:44985/
[rospy.internal][INFO] 2017-03-09 13:48:53,615: topic[/camera/color/camera_info] removing connection to http://10.42.0.1:44985/
[rospy.impl.masterslave][INFO] 2017-03-09 13:48:53,616: signal-2
[rospy.core][INFO] 2017-03-09 13:48:54,088: signal_shutdown [atexit]
