[rospy.client][INFO] 2017-03-09 13:41:50,761: init_node, name[/state_follow_waypoint], pid[19786]
[xmlrpc][INFO] 2017-03-09 13:41:50,767: XML-RPC server binding to 0.0.0.0:0
[rospy.init][INFO] 2017-03-09 13:41:50,768: ROS Slave URI: [http://10.42.0.1:33842/]
[xmlrpc][INFO] 2017-03-09 13:41:50,768: Started XML-RPC server [http://10.42.0.1:33842/]
[rospy.impl.masterslave][INFO] 2017-03-09 13:41:50,769: _ready: http://10.42.0.1:33842/
[xmlrpc][INFO] 2017-03-09 13:41:50,774: xml rpc node: starting XML-RPC server
[rospy.registration][INFO] 2017-03-09 13:41:50,776: Registering with master node http://10.42.0.1:11311
[rospy.init][INFO] 2017-03-09 13:41:50,869: registered with master
[rospy.rosout][INFO] 2017-03-09 13:41:50,870: initializing /rosout core topic
[rospy.rosout][INFO] 2017-03-09 13:41:50,893: connected to core topic /rosout
[rospy.simtime][INFO] 2017-03-09 13:41:50,912: /use_sim_time is not set, will not subscribe to simulated time [/clock] topic
[rospy.internal][INFO] 2017-03-09 13:41:51,114: topic[/rosout] adding connection to [/rosout], count 0
[rospy.internal][INFO] 2017-03-09 13:41:51,644: topic[/mavros/local_position/pose] adding connection to [http://10.42.0.1:34107/], count 0
[rospy.internal][INFO] 2017-03-09 13:41:51,679: topic[/mavros/setpoint_raw/target_local] adding connection to [http://10.42.0.1:34107/], count 0
[rospy.internal][INFO] 2017-03-09 13:41:51,711: topic[/mavros/state] adding connection to [http://10.42.0.1:34107/], count 0
[rospy.internal][INFO] 2017-03-09 13:41:51,729: topic[/mavros/battery] adding connection to [http://10.42.0.1:34107/], count 0
[rospy.internal][INFO] 2017-03-09 13:41:51,799: topic[/mavros/mission/waypoints] adding connection to [http://10.42.0.1:34107/], count 0
[rospy.internal][INFO] 2017-03-09 13:41:51,835: topic[/state_command] adding connection to [http://10.42.0.1:39013/], count 0
[rospy.internal][INFO] 2017-03-09 13:41:51,841: topic[/state_command] adding connection to [http://10.42.0.1:33842/], count 1
[rospy.internal][INFO] 2017-03-09 13:41:51,856: topic[/state_command] adding connection to [/state_follow_waypoint], count 0
[rospy.internal][INFO] 2017-03-09 13:41:51,858: topic[/exec_command] adding connection to [/exec], count 0
[rospy.internal][INFO] 2017-03-09 13:41:52,014: topic[/mavros/rc/override] adding connection to [/mavros], count 0
[rosout][INFO] 2017-03-09 13:43:02,925: /state_follow_waypoint parse_msg_to_state: Following_waypoint,RESET
[rosout][INFO] 2017-03-09 13:43:02,927: /state_follow_waypoint cmd_callback: Following_waypoint,RESET
[rosout][INFO] 2017-03-09 13:43:02,928: /mavros/set_mode: HOLD
[rosout][INFO] 2017-03-09 13:43:02,944: /mavros/cmd/arming: False
[rosout][INFO] 2017-03-09 13:43:02,946: /state_follow_waypoint parse_msg_to_state: Following_waypoint,START
[rosout][INFO] 2017-03-09 13:43:02,947: /state_follow_waypoint cmd_callback: Following_waypoint,START
[rosout][INFO] 2017-03-09 13:43:02,948: state_start
[rosout][INFO] 2017-03-09 13:43:02,949: /mavros/set_mode: HOLD
[rosout][INFO] 2017-03-09 13:43:02,959: /mavros/cmd/arming: False
[rosout][INFO] 2017-03-09 13:43:02,966: /mavros/mission/set_current: 0
[rosout][INFO] 2017-03-09 13:43:02,987: success: True
[rosout][INFO] 2017-03-09 13:43:02,990: /mavros/set_mode: AUTO
[rosout][INFO] 2017-03-09 13:43:03,003: /mavros/cmd/arming: True
[rosout][INFO] 2017-03-09 13:43:03,046: success: True
result: 0
[rosout][INFO] 2017-03-09 13:43:03,048: Driving to waypoint. Status: 120
[rosout][INFO] 2017-03-09 13:43:05,050: Driving to waypoint. Status: 119
[rosout][INFO] 2017-03-09 13:43:07,049: Driving to waypoint. Status: 118
[rosout][INFO] 2017-03-09 13:43:09,048: Driving to waypoint. Status: 117
[rosout][INFO] 2017-03-09 13:43:11,050: Driving to waypoint. Status: 116
[rosout][INFO] 2017-03-09 13:43:13,049: Driving to waypoint. Status: 115
[rosout][INFO] 2017-03-09 13:43:15,049: Driving to waypoint. Status: 114
[rosout][INFO] 2017-03-09 13:43:17,048: Driving to waypoint. Status: 113
[rosout][INFO] 2017-03-09 13:43:19,050: Driving to waypoint. Status: 112
[rosout][INFO] 2017-03-09 13:43:21,049: Driving to waypoint. Status: 111
[rosout][INFO] 2017-03-09 13:43:23,050: Driving to waypoint. Status: 110
[rosout][INFO] 2017-03-09 13:43:25,050: Driving to waypoint. Status: 109
[rosout][INFO] 2017-03-09 13:43:27,048: Driving to waypoint. Status: 108
[rosout][INFO] 2017-03-09 13:43:29,050: Driving to waypoint. Status: 107
[rosout][INFO] 2017-03-09 13:43:31,050: Driving to waypoint. Status: 106
[rosout][INFO] 2017-03-09 13:43:33,050: Driving to waypoint. Status: 105
[rosout][INFO] 2017-03-09 13:43:35,051: Driving to waypoint. Status: 104
[rosout][INFO] 2017-03-09 13:43:37,048: Driving to waypoint. Status: 103
[rosout][INFO] 2017-03-09 13:43:39,051: Driving to waypoint. Status: 102
[rosout][INFO] 2017-03-09 13:43:41,050: Driving to waypoint. Status: 101
[rosout][INFO] 2017-03-09 13:43:43,050: Driving to waypoint. Status: 100
[rosout][INFO] 2017-03-09 13:43:45,048: Driving to waypoint. Status: 99
[rosout][INFO] 2017-03-09 13:43:47,048: Driving to waypoint. Status: 98
[rosout][INFO] 2017-03-09 13:43:49,050: Driving to waypoint. Status: 97
[rosout][INFO] 2017-03-09 13:43:51,050: Driving to waypoint. Status: 96
[rosout][INFO] 2017-03-09 13:43:53,048: Driving to waypoint. Status: 95
[rosout][INFO] 2017-03-09 13:43:55,049: Driving to waypoint. Status: 94
[rosout][INFO] 2017-03-09 13:43:57,050: Driving to waypoint. Status: 93
[rosout][INFO] 2017-03-09 13:43:59,050: Driving to waypoint. Status: 92
[rosout][INFO] 2017-03-09 13:44:01,051: Driving to waypoint. Status: 91
[rosout][INFO] 2017-03-09 13:44:03,050: Driving to waypoint. Status: 90
[rosout][INFO] 2017-03-09 13:44:05,050: Driving to waypoint. Status: 89
[rosout][INFO] 2017-03-09 13:44:07,049: Driving to waypoint. Status: 88
[rosout][INFO] 2017-03-09 13:44:09,051: Driving to waypoint. Status: 87
[rosout][INFO] 2017-03-09 13:44:11,050: Driving to waypoint. Status: 86
[rosout][INFO] 2017-03-09 13:44:13,050: Driving to waypoint. Status: 85
[rosout][INFO] 2017-03-09 13:44:15,049: Driving to waypoint. Status: 84
[rosout][INFO] 2017-03-09 13:44:17,050: Driving to waypoint. Status: 83
[rosout][INFO] 2017-03-09 13:44:19,048: Driving to waypoint. Status: 82
[rosout][INFO] 2017-03-09 13:44:21,050: Driving to waypoint. Status: 81
[rosout][INFO] 2017-03-09 13:44:23,050: Driving to waypoint. Status: 80
[rosout][INFO] 2017-03-09 13:44:25,050: Driving to waypoint. Status: 79
[rosout][INFO] 2017-03-09 13:44:27,050: Driving to waypoint. Status: 78
[rosout][INFO] 2017-03-09 13:44:29,050: Driving to waypoint. Status: 77
[rosout][INFO] 2017-03-09 13:44:31,048: Driving to waypoint. Status: 76
[rosout][INFO] 2017-03-09 13:44:33,049: Driving to waypoint. Status: 75
[rosout][INFO] 2017-03-09 13:44:35,050: Driving to waypoint. Status: 74
[rosout][INFO] 2017-03-09 13:44:37,050: Driving to waypoint. Status: 73
[rosout][INFO] 2017-03-09 13:44:39,049: Driving to waypoint. Status: 72
[rosout][INFO] 2017-03-09 13:44:41,049: Driving to waypoint. Status: 71
[rosout][INFO] 2017-03-09 13:44:43,050: Driving to waypoint. Status: 70
[rosout][INFO] 2017-03-09 13:44:45,050: Driving to waypoint. Status: 69
[rosout][INFO] 2017-03-09 13:44:47,049: Driving to waypoint. Status: 68
[rosout][INFO] 2017-03-09 13:44:49,050: Driving to waypoint. Status: 67
[rosout][INFO] 2017-03-09 13:44:51,049: Driving to waypoint. Status: 66
[rosout][INFO] 2017-03-09 13:44:53,050: Driving to waypoint. Status: 65
[rosout][INFO] 2017-03-09 13:44:55,050: Driving to waypoint. Status: 64
[rosout][INFO] 2017-03-09 13:44:57,049: Driving to waypoint. Status: 63
[rosout][INFO] 2017-03-09 13:44:59,050: Driving to waypoint. Status: 62
[rosout][INFO] 2017-03-09 13:45:01,049: Driving to waypoint. Status: 61
[rosout][INFO] 2017-03-09 13:45:03,050: Driving to waypoint. Status: 60
[rosout][INFO] 2017-03-09 13:45:03,051: /mavros/set_mode: HOLD
[rosout][INFO] 2017-03-09 13:45:06,928: /state_follow_waypoint parse_msg_to_state: Following_waypoint,RESET
[rosout][INFO] 2017-03-09 13:45:06,929: /state_follow_waypoint cmd_callback: Following_waypoint,RESET
[rosout][INFO] 2017-03-09 13:45:06,930: /mavros/set_mode: HOLD
[rosout][INFO] 2017-03-09 13:45:06,938: /mavros/cmd/arming: False
[rosout][INFO] 2017-03-09 13:45:06,980: success: True
result: 0
[rospy.core][INFO] 2017-03-09 13:48:53,403: signal_shutdown [signal-2]
[rospy.internal][ERROR] 2017-03-09 13:48:53,545: Unable to initiate TCP/IP socket to 10.42.0.1:46005 (http://10.42.0.1:39013/): Traceback (most recent call last):
  File "/opt/ros/kinetic/lib/python2.7/dist-packages/rospy/impl/tcpros_base.py", line 557, in connect
    self.read_header()
  File "/opt/ros/kinetic/lib/python2.7/dist-packages/rospy/impl/tcpros_base.py", line 632, in read_header
    self._validate_header(read_ros_handshake_header(sock, self.read_buff, self.protocol.buff_size))
  File "/opt/ros/kinetic/lib/python2.7/dist-packages/rospy/impl/tcpros_base.py", line 593, in _validate_header
    raise TransportInitError("remote error reported: %s"%header['error'])
TransportInitError: remote error reported: node shutting down

[rospy.internal][INFO] 2017-03-09 13:48:53,556: topic[/rosout] removing connection to /rosout
[rospy.internal][INFO] 2017-03-09 13:48:53,557: topic[/mavros/rc/override] removing connection to /mavros
[rospy.internal][INFO] 2017-03-09 13:48:53,559: topic[/state_command] removing connection to /state_follow_waypoint
[rospy.internal][ERROR] 2017-03-09 13:48:53,561: Unable to initiate TCP/IP socket to 10.42.0.1:38958 (http://10.42.0.1:33842/): Traceback (most recent call last):
  File "/opt/ros/kinetic/lib/python2.7/dist-packages/rospy/impl/tcpros_base.py", line 557, in connect
    self.read_header()
  File "/opt/ros/kinetic/lib/python2.7/dist-packages/rospy/impl/tcpros_base.py", line 632, in read_header
    self._validate_header(read_ros_handshake_header(sock, self.read_buff, self.protocol.buff_size))
  File "/opt/ros/kinetic/lib/python2.7/dist-packages/rospy/impl/tcpros_base.py", line 593, in _validate_header
    raise TransportInitError("remote error reported: %s"%header['error'])
TransportInitError: remote error reported: node shutting down

[rospy.internal][INFO] 2017-03-09 13:48:53,562: topic[/exec_command] removing connection to /exec
[rospy.internal][INFO] 2017-03-09 13:48:53,564: topic[/mavros/mission/waypoints] removing connection to http://10.42.0.1:34107/
[rospy.internal][WARNING] 2017-03-09 13:48:53,565: Unknown error initiating TCP/IP socket to 10.42.0.1:34113 (http://10.42.0.1:34107/): Traceback (most recent call last):
  File "/opt/ros/kinetic/lib/python2.7/dist-packages/rospy/impl/tcpros_base.py", line 557, in connect
    self.read_header()
  File "/opt/ros/kinetic/lib/python2.7/dist-packages/rospy/impl/tcpros_base.py", line 632, in read_header
    self._validate_header(read_ros_handshake_header(sock, self.read_buff, self.protocol.buff_size))
AttributeError: 'NoneType' object has no attribute 'buff_size'

[rospy.topics][ERROR] 2017-03-09 13:48:53,568: Traceback (most recent call last):
  File "/opt/ros/kinetic/lib/python2.7/dist-packages/rospy/topics.py", line 307, in close
    c.close()
  File "/opt/ros/kinetic/lib/python2.7/dist-packages/rospy/impl/tcpros_base.py", line 820, in close
    self.socket.close()
AttributeError: 'NoneType' object has no attribute 'close'

[rospy.internal][INFO] 2017-03-09 13:48:53,571: topic[/mavros/state] removing connection to http://10.42.0.1:34107/
[rospy.internal][INFO] 2017-03-09 13:48:53,572: topic[/mavros/local_position/pose] removing connection to http://10.42.0.1:34107/
[rospy.internal][INFO] 2017-03-09 13:48:53,576: topic[/mavros/battery] removing connection to http://10.42.0.1:34107/
[rospy.topics][ERROR] 2017-03-09 13:48:53,576: Traceback (most recent call last):
  File "/opt/ros/kinetic/lib/python2.7/dist-packages/rospy/topics.py", line 307, in close
    c.close()
  File "/opt/ros/kinetic/lib/python2.7/dist-packages/rospy/impl/tcpros_base.py", line 820, in close
    self.socket.close()
AttributeError: 'NoneType' object has no attribute 'close'

[rospy.internal][WARNING] 2017-03-09 13:48:53,577: Unknown error initiating TCP/IP socket to 10.42.0.1:34113 (http://10.42.0.1:34107/): Traceback (most recent call last):
  File "/opt/ros/kinetic/lib/python2.7/dist-packages/rospy/impl/tcpros_base.py", line 557, in connect
    self.read_header()
  File "/opt/ros/kinetic/lib/python2.7/dist-packages/rospy/impl/tcpros_base.py", line 632, in read_header
    self._validate_header(read_ros_handshake_header(sock, self.read_buff, self.protocol.buff_size))
AttributeError: 'NoneType' object has no attribute 'buff_size'

[rospy.internal][INFO] 2017-03-09 13:48:53,579: topic[/state_command] removing connection to http://10.42.0.1:39013/
[rospy.internal][INFO] 2017-03-09 13:48:53,579: topic[/state_command] removing connection to http://10.42.0.1:33842/
[rospy.internal][INFO] 2017-03-09 13:48:53,584: topic[/mavros/setpoint_raw/target_local] removing connection to http://10.42.0.1:34107/
[rospy.impl.masterslave][INFO] 2017-03-09 13:48:53,587: signal-2
[rospy.core][INFO] 2017-03-09 13:48:53,722: signal_shutdown [atexit]
