[rospy.client][INFO] 2017-03-09 13:12:52,053: init_node, name[/state_follow_waypoint], pid[2533]
[xmlrpc][INFO] 2017-03-09 13:12:52,054: XML-RPC server binding to 0.0.0.0:0
[xmlrpc][INFO] 2017-03-09 13:12:52,055: Started XML-RPC server [http://10.42.0.1:42158/]
[rospy.impl.masterslave][INFO] 2017-03-09 13:12:52,056: _ready: http://10.42.0.1:42158/
[rospy.registration][INFO] 2017-03-09 13:12:52,058: Registering with master node http://10.42.0.1:11311
[xmlrpc][INFO] 2017-03-09 13:12:52,059: xml rpc node: starting XML-RPC server
[rospy.init][INFO] 2017-03-09 13:12:52,062: ROS Slave URI: [http://10.42.0.1:42158/]
[rospy.init][INFO] 2017-03-09 13:12:52,063: registered with master
[rospy.rosout][INFO] 2017-03-09 13:12:52,063: initializing /rosout core topic
[rospy.rosout][INFO] 2017-03-09 13:12:52,083: connected to core topic /rosout
[rospy.simtime][INFO] 2017-03-09 13:12:52,102: /use_sim_time is not set, will not subscribe to simulated time [/clock] topic
[rospy.internal][INFO] 2017-03-09 13:12:52,239: topic[/rosout] adding connection to [/rosout], count 0
[rospy.internal][INFO] 2017-03-09 13:12:52,533: topic[/mavros/state] adding connection to [http://10.42.0.1:33421/], count 0
[rospy.internal][INFO] 2017-03-09 13:12:52,541: topic[/mavros/setpoint_raw/target_local] adding connection to [http://10.42.0.1:33421/], count 0
[rospy.internal][INFO] 2017-03-09 13:12:52,542: topic[/mavros/local_position/pose] adding connection to [http://10.42.0.1:33421/], count 0
[rospy.internal][INFO] 2017-03-09 13:12:52,560: topic[/mavros/battery] adding connection to [http://10.42.0.1:33421/], count 0
[rospy.internal][INFO] 2017-03-09 13:12:52,627: topic[/mavros/mission/waypoints] adding connection to [http://10.42.0.1:33421/], count 0
[rospy.internal][INFO] 2017-03-09 13:12:52,648: topic[/state_command] adding connection to [http://10.42.0.1:42158/], count 0
[rospy.internal][INFO] 2017-03-09 13:12:52,651: topic[/state_command] adding connection to [/state_follow_waypoint], count 0
[rospy.internal][INFO] 2017-03-09 13:12:52,808: topic[/mavros/rc/override] adding connection to [/mavros], count 0
[rospy.internal][INFO] 2017-03-09 13:12:52,921: topic[/state_command] adding connection to [http://10.42.0.1:33773/], count 1
[rospy.internal][INFO] 2017-03-09 13:12:52,928: topic[/exec_command] adding connection to [/exec], count 0
[rosout][INFO] 2017-03-09 13:19:29,711: /state_follow_waypoint parse_msg_to_state: Following_waypoint,RESET
[rosout][INFO] 2017-03-09 13:19:29,713: /state_follow_waypoint cmd_callback: Following_waypoint,RESET
[rosout][INFO] 2017-03-09 13:19:29,715: /mavros/set_mode: HOLD
[rosout][INFO] 2017-03-09 13:19:29,723: /mavros/cmd/arming: False
[rosout][INFO] 2017-03-09 13:19:29,725: /state_follow_waypoint parse_msg_to_state: Following_waypoint,START
[rosout][INFO] 2017-03-09 13:19:29,726: /state_follow_waypoint cmd_callback: Following_waypoint,START
[rosout][INFO] 2017-03-09 13:19:29,728: state_start
[rosout][INFO] 2017-03-09 13:19:29,729: /mavros/set_mode: HOLD
[rosout][INFO] 2017-03-09 13:19:29,737: /mavros/cmd/arming: False
[rosout][INFO] 2017-03-09 13:19:29,743: /mavros/mission/set_current: 0
[rosout][INFO] 2017-03-09 13:19:29,775: success: True
[rosout][INFO] 2017-03-09 13:19:29,776: /mavros/set_mode: AUTO
[rosout][INFO] 2017-03-09 13:19:29,788: /mavros/cmd/arming: True
[rosout][INFO] 2017-03-09 13:19:29,826: success: True
result: 0
[rosout][INFO] 2017-03-09 13:19:29,828: Driving to waypoint. Status: 120
[rosout][INFO] 2017-03-09 13:19:31,829: Driving to waypoint. Status: 119
[rosout][INFO] 2017-03-09 13:19:33,829: Driving to waypoint. Status: 118
[rosout][INFO] 2017-03-09 13:19:35,830: Driving to waypoint. Status: 117
[rosout][INFO] 2017-03-09 13:19:37,829: Driving to waypoint. Status: 116
[rosout][INFO] 2017-03-09 13:19:39,830: Driving to waypoint. Status: 115
[rosout][INFO] 2017-03-09 13:19:41,830: Driving to waypoint. Status: 114
[rosout][INFO] 2017-03-09 13:19:43,830: Driving to waypoint. Status: 113
[rosout][INFO] 2017-03-09 13:19:45,829: Driving to waypoint. Status: 112
[rosout][INFO] 2017-03-09 13:19:47,830: Driving to waypoint. Status: 111
[rosout][INFO] 2017-03-09 13:19:49,830: Driving to waypoint. Status: 110
[rosout][INFO] 2017-03-09 13:19:51,830: Driving to waypoint. Status: 109
[rosout][INFO] 2017-03-09 13:19:53,830: Driving to waypoint. Status: 108
[rosout][INFO] 2017-03-09 13:19:55,830: Driving to waypoint. Status: 107
[rosout][INFO] 2017-03-09 13:19:57,830: Driving to waypoint. Status: 106
[rosout][INFO] 2017-03-09 13:19:59,829: Driving to waypoint. Status: 105
[rosout][INFO] 2017-03-09 13:20:01,830: Driving to waypoint. Status: 104
[rosout][INFO] 2017-03-09 13:20:03,828: Driving to waypoint. Status: 103
[rosout][INFO] 2017-03-09 13:20:05,830: Driving to waypoint. Status: 102
[rosout][INFO] 2017-03-09 13:20:07,829: Driving to waypoint. Status: 101
[rosout][INFO] 2017-03-09 13:20:09,829: Driving to waypoint. Status: 100
[rosout][INFO] 2017-03-09 13:20:11,829: Driving to waypoint. Status: 99
[rosout][INFO] 2017-03-09 13:20:13,829: Driving to waypoint. Status: 98
[rosout][INFO] 2017-03-09 13:20:15,829: Driving to waypoint. Status: 97
[rosout][INFO] 2017-03-09 13:20:17,830: Driving to waypoint. Status: 96
[rosout][INFO] 2017-03-09 13:20:19,830: Driving to waypoint. Status: 95
[rosout][INFO] 2017-03-09 13:20:21,830: Driving to waypoint. Status: 94
[rosout][INFO] 2017-03-09 13:20:23,830: Driving to waypoint. Status: 93
[rosout][INFO] 2017-03-09 13:20:25,829: Driving to waypoint. Status: 92
[rosout][INFO] 2017-03-09 13:20:27,830: Driving to waypoint. Status: 91
[rosout][INFO] 2017-03-09 13:20:29,830: Driving to waypoint. Status: 90
[rosout][INFO] 2017-03-09 13:20:31,829: Driving to waypoint. Status: 89
[rosout][INFO] 2017-03-09 13:20:33,830: Driving to waypoint. Status: 88
[rosout][INFO] 2017-03-09 13:20:35,830: Driving to waypoint. Status: 87
[rosout][INFO] 2017-03-09 13:20:37,831: Driving to waypoint. Status: 86
[rosout][INFO] 2017-03-09 13:20:39,829: Driving to waypoint. Status: 85
[rosout][INFO] 2017-03-09 13:20:41,830: Driving to waypoint. Status: 84
[rosout][INFO] 2017-03-09 13:20:43,830: Driving to waypoint. Status: 83
[rosout][INFO] 2017-03-09 13:20:45,830: Driving to waypoint. Status: 82
[rosout][INFO] 2017-03-09 13:20:47,829: Driving to waypoint. Status: 81
[rosout][INFO] 2017-03-09 13:20:49,828: Driving to waypoint. Status: 80
[rosout][INFO] 2017-03-09 13:20:51,829: Driving to waypoint. Status: 79
[rosout][INFO] 2017-03-09 13:20:53,829: Driving to waypoint. Status: 78
[rosout][INFO] 2017-03-09 13:20:55,829: Driving to waypoint. Status: 77
[rosout][INFO] 2017-03-09 13:20:57,830: Driving to waypoint. Status: 76
[rosout][INFO] 2017-03-09 13:20:59,830: Driving to waypoint. Status: 75
[rosout][INFO] 2017-03-09 13:21:01,830: Driving to waypoint. Status: 74
[rosout][INFO] 2017-03-09 13:21:03,829: Driving to waypoint. Status: 73
[rosout][INFO] 2017-03-09 13:21:05,830: Driving to waypoint. Status: 72
[rosout][INFO] 2017-03-09 13:21:07,829: Driving to waypoint. Status: 71
[rosout][INFO] 2017-03-09 13:21:09,829: Driving to waypoint. Status: 70
[rosout][INFO] 2017-03-09 13:21:11,830: Driving to waypoint. Status: 69
[rosout][INFO] 2017-03-09 13:21:13,830: Driving to waypoint. Status: 68
[rosout][INFO] 2017-03-09 13:21:15,831: Driving to waypoint. Status: 67
[rosout][INFO] 2017-03-09 13:21:17,830: Driving to waypoint. Status: 66
[rosout][INFO] 2017-03-09 13:21:19,830: Driving to waypoint. Status: 65
[rosout][INFO] 2017-03-09 13:21:21,828: Driving to waypoint. Status: 64
[rosout][INFO] 2017-03-09 13:21:23,830: Driving to waypoint. Status: 63
[rosout][INFO] 2017-03-09 13:21:25,830: Driving to waypoint. Status: 62
[rosout][INFO] 2017-03-09 13:21:27,829: Driving to waypoint. Status: 61
[rosout][INFO] 2017-03-09 13:21:29,830: Driving to waypoint. Status: 60
[rosout][INFO] 2017-03-09 13:21:29,832: /mavros/set_mode: HOLD
[rosout][INFO] 2017-03-09 13:21:33,714: /state_follow_waypoint parse_msg_to_state: Following_waypoint,RESET
[rosout][INFO] 2017-03-09 13:21:33,715: /state_follow_waypoint cmd_callback: Following_waypoint,RESET
[rosout][INFO] 2017-03-09 13:21:33,716: /mavros/set_mode: HOLD
[rosout][INFO] 2017-03-09 13:21:33,725: /mavros/cmd/arming: False
[rosout][INFO] 2017-03-09 13:21:33,738: Service arm call failed: service [/mavros/cmd/arming] responded with an error: . Attempted to set False
[rospy.core][INFO] 2017-03-09 13:31:51,860: signal_shutdown [signal-2]
[rospy.internal][ERROR] 2017-03-09 13:31:52,036: Unable to initiate TCP/IP socket to 10.42.0.1:34861 (http://10.42.0.1:33773/): Traceback (most recent call last):
  File "/opt/ros/kinetic/lib/python2.7/dist-packages/rospy/impl/tcpros_base.py", line 557, in connect
    self.read_header()
  File "/opt/ros/kinetic/lib/python2.7/dist-packages/rospy/impl/tcpros_base.py", line 632, in read_header
    self._validate_header(read_ros_handshake_header(sock, self.read_buff, self.protocol.buff_size))
  File "/opt/ros/kinetic/lib/python2.7/dist-packages/rospy/impl/tcpros_base.py", line 593, in _validate_header
    raise TransportInitError("remote error reported: %s"%header['error'])
TransportInitError: remote error reported: node shutting down

[rospy.internal][INFO] 2017-03-09 13:31:52,081: topic[/rosout] removing connection to /rosout
[rospy.internal][INFO] 2017-03-09 13:31:52,082: topic[/mavros/rc/override] removing connection to /mavros
[rospy.internal][INFO] 2017-03-09 13:31:52,083: topic[/state_command] removing connection to /state_follow_waypoint
[rospy.internal][ERROR] 2017-03-09 13:31:52,085: Unable to initiate TCP/IP socket to 10.42.0.1:36570 (http://10.42.0.1:42158/): Traceback (most recent call last):
  File "/opt/ros/kinetic/lib/python2.7/dist-packages/rospy/impl/tcpros_base.py", line 557, in connect
    self.read_header()
  File "/opt/ros/kinetic/lib/python2.7/dist-packages/rospy/impl/tcpros_base.py", line 632, in read_header
    self._validate_header(read_ros_handshake_header(sock, self.read_buff, self.protocol.buff_size))
  File "/opt/ros/kinetic/lib/python2.7/dist-packages/rospy/impl/tcpros_base.py", line 593, in _validate_header
    raise TransportInitError("remote error reported: %s"%header['error'])
TransportInitError: remote error reported: node shutting down

[rospy.internal][INFO] 2017-03-09 13:31:52,086: topic[/exec_command] removing connection to /exec
[rospy.internal][INFO] 2017-03-09 13:31:52,087: topic[/mavros/mission/waypoints] removing connection to http://10.42.0.1:33421/
[rospy.internal][INFO] 2017-03-09 13:31:52,090: topic[/mavros/state] removing connection to http://10.42.0.1:33421/
[rospy.internal][INFO] 2017-03-09 13:31:52,093: topic[/mavros/local_position/pose] removing connection to http://10.42.0.1:33421/
[rospy.internal][WARNING] 2017-03-09 13:31:52,093: Unknown error initiating TCP/IP socket to 10.42.0.1:33283 (http://10.42.0.1:33421/): Traceback (most recent call last):
  File "/opt/ros/kinetic/lib/python2.7/dist-packages/rospy/impl/tcpros_base.py", line 558, in connect
    self.local_endpoint = self.socket.getsockname()
AttributeError: 'NoneType' object has no attribute 'getsockname'

[rospy.internal][INFO] 2017-03-09 13:31:52,094: topic[/mavros/battery] removing connection to http://10.42.0.1:33421/
[rospy.internal][INFO] 2017-03-09 13:31:52,095: topic[/state_command] removing connection to http://10.42.0.1:42158/
[rospy.internal][INFO] 2017-03-09 13:31:52,095: topic[/state_command] removing connection to http://10.42.0.1:33773/
[rospy.internal][INFO] 2017-03-09 13:31:52,097: topic[/mavros/setpoint_raw/target_local] removing connection to http://10.42.0.1:33421/
[rospy.internal][WARNING] 2017-03-09 13:31:52,097: Unknown error initiating TCP/IP socket to 10.42.0.1:33283 (http://10.42.0.1:33421/): Traceback (most recent call last):
  File "/opt/ros/kinetic/lib/python2.7/dist-packages/rospy/impl/tcpros_base.py", line 558, in connect
    self.local_endpoint = self.socket.getsockname()
AttributeError: 'NoneType' object has no attribute 'getsockname'

[rospy.impl.masterslave][INFO] 2017-03-09 13:31:52,100: signal-2
[rospy.core][INFO] 2017-03-09 13:31:52,517: signal_shutdown [atexit]
