[rospy.client][INFO] 2017-03-09 10:37:58,325: init_node, name[/exec], pid[25424]
[xmlrpc][INFO] 2017-03-09 10:37:58,333: XML-RPC server binding to 0.0.0.0:0
[rospy.init][INFO] 2017-03-09 10:37:58,334: ROS Slave URI: [http://10.42.0.1:37541/]
[xmlrpc][INFO] 2017-03-09 10:37:58,335: Started XML-RPC server [http://10.42.0.1:37541/]
[rospy.impl.masterslave][INFO] 2017-03-09 10:37:58,335: _ready: http://10.42.0.1:37541/
[rospy.registration][INFO] 2017-03-09 10:37:58,338: Registering with master node http://10.42.0.1:11311
[rospy.registration][INFO] 2017-03-09 10:37:58,339: Registering publisher topic [/play] type [std_msgs/String] with master
[xmlrpc][INFO] 2017-03-09 10:37:58,340: xml rpc node: starting XML-RPC server
[rospy.init][INFO] 2017-03-09 10:37:58,435: registered with master
[rospy.rosout][INFO] 2017-03-09 10:37:58,436: initializing /rosout core topic
[rospy.rosout][INFO] 2017-03-09 10:37:58,442: connected to core topic /rosout
[rospy.simtime][INFO] 2017-03-09 10:37:58,449: /use_sim_time is not set, will not subscribe to simulated time [/clock] topic
[rospy.internal][INFO] 2017-03-09 10:37:58,678: topic[/rosout] adding connection to [/rosout], count 0
[rospy.internal][INFO] 2017-03-09 10:37:58,770: topic[/play] adding connection to [/chatty], count 0
[rospy.internal][INFO] 2017-03-09 10:37:58,870: topic[/mavros/setpoint_raw/target_local] adding connection to [http://10.42.0.1:39087/], count 0
[rospy.internal][INFO] 2017-03-09 10:37:58,874: topic[/mavros/local_position/pose] adding connection to [http://10.42.0.1:39087/], count 0
[rospy.internal][INFO] 2017-03-09 10:37:58,918: topic[/mavros/state] adding connection to [http://10.42.0.1:39087/], count 0
[rospy.internal][INFO] 2017-03-09 10:37:58,929: topic[/mavros/battery] adding connection to [http://10.42.0.1:39087/], count 0
[rospy.internal][INFO] 2017-03-09 10:37:58,997: topic[/mavros/mission/waypoints] adding connection to [http://10.42.0.1:39087/], count 0
[rospy.internal][INFO] 2017-03-09 10:37:59,067: topic[/exec_command] adding connection to [http://10.42.0.1:35726/], count 0
[rospy.internal][INFO] 2017-03-09 10:37:59,070: topic[/exec_command] adding connection to [http://10.42.0.1:37541/], count 1
[rospy.internal][INFO] 2017-03-09 10:37:59,075: topic[/exec_command] adding connection to [/exec], count 0
[rospy.internal][INFO] 2017-03-09 10:37:59,101: topic[/mavros/rc/override] adding connection to [/mavros], count 0
[rospy.internal][INFO] 2017-03-09 10:37:59,150: topic[/state_command] adding connection to [/state_follow_waypoint], count 0
[rospy.internal][INFO] 2017-03-09 10:39:04,333: topic[/exec_command] adding connection to [http://10.42.0.18:33542/], count 2
[rosout][INFO] 2017-03-09 10:39:04,409: /exec parse_msg_from_state: x,START_EXEC,x
[rosout][INFO] 2017-03-09 10:39:04,411: Entered state: Start
[rosout][INFO] 2017-03-09 10:39:04,414: /mavros/cmd/arming: False
[rosout][INFO] 2017-03-09 10:39:04,417: /mavros/set_mode: HOLD
[rosout][INFO] 2017-03-09 10:39:04,426: Entered state: Following_waypoint
[rosout][INFO] 2017-03-09 10:39:04,427: /mavros/set_mode: HOLD
[rosout][INFO] 2017-03-09 10:39:04,450: In Following_waypoint state. Countdown: 130
[rosout][INFO] 2017-03-09 10:39:06,443: In Following_waypoint state. Countdown: 129
[rosout][INFO] 2017-03-09 10:39:08,443: In Following_waypoint state. Countdown: 128
[rosout][INFO] 2017-03-09 10:39:10,443: In Following_waypoint state. Countdown: 127
[rosout][INFO] 2017-03-09 10:39:12,443: In Following_waypoint state. Countdown: 126
[rosout][INFO] 2017-03-09 10:39:14,443: In Following_waypoint state. Countdown: 125
[rosout][INFO] 2017-03-09 10:39:16,443: In Following_waypoint state. Countdown: 124
[rosout][INFO] 2017-03-09 10:39:18,442: In Following_waypoint state. Countdown: 123
[rosout][INFO] 2017-03-09 10:39:20,441: In Following_waypoint state. Countdown: 122
[rosout][INFO] 2017-03-09 10:39:22,443: In Following_waypoint state. Countdown: 121
[rosout][INFO] 2017-03-09 10:39:24,444: In Following_waypoint state. Countdown: 120
[rosout][INFO] 2017-03-09 10:39:26,443: In Following_waypoint state. Countdown: 119
[rosout][INFO] 2017-03-09 10:39:28,443: In Following_waypoint state. Countdown: 118
[rosout][INFO] 2017-03-09 10:39:30,443: In Following_waypoint state. Countdown: 117
[rosout][INFO] 2017-03-09 10:39:32,442: In Following_waypoint state. Countdown: 116
[rosout][INFO] 2017-03-09 10:39:34,442: In Following_waypoint state. Countdown: 115
[rosout][INFO] 2017-03-09 10:39:36,442: In Following_waypoint state. Countdown: 114
[rosout][INFO] 2017-03-09 10:39:38,443: In Following_waypoint state. Countdown: 113
[rosout][INFO] 2017-03-09 10:39:40,443: In Following_waypoint state. Countdown: 112
[rosout][INFO] 2017-03-09 10:39:42,443: In Following_waypoint state. Countdown: 111
[rosout][INFO] 2017-03-09 10:39:44,443: In Following_waypoint state. Countdown: 110
[rosout][INFO] 2017-03-09 10:39:46,443: In Following_waypoint state. Countdown: 109
[rosout][INFO] 2017-03-09 10:39:48,443: In Following_waypoint state. Countdown: 108
[rosout][INFO] 2017-03-09 10:39:50,443: In Following_waypoint state. Countdown: 107
[rosout][INFO] 2017-03-09 10:39:52,443: In Following_waypoint state. Countdown: 106
[rosout][INFO] 2017-03-09 10:39:54,442: In Following_waypoint state. Countdown: 105
[rosout][INFO] 2017-03-09 10:39:56,442: In Following_waypoint state. Countdown: 104
[rosout][INFO] 2017-03-09 10:39:58,442: In Following_waypoint state. Countdown: 103
[rosout][INFO] 2017-03-09 10:40:00,443: In Following_waypoint state. Countdown: 102
[rosout][INFO] 2017-03-09 10:40:02,443: In Following_waypoint state. Countdown: 101
[rosout][INFO] 2017-03-09 10:40:04,442: In Following_waypoint state. Countdown: 100
[rosout][INFO] 2017-03-09 10:40:06,441: In Following_waypoint state. Countdown: 99
[rosout][INFO] 2017-03-09 10:40:08,443: In Following_waypoint state. Countdown: 98
[rosout][INFO] 2017-03-09 10:40:10,443: In Following_waypoint state. Countdown: 97
[rosout][INFO] 2017-03-09 10:40:12,443: In Following_waypoint state. Countdown: 96
[rosout][INFO] 2017-03-09 10:40:14,442: In Following_waypoint state. Countdown: 95
[rosout][INFO] 2017-03-09 10:40:16,443: In Following_waypoint state. Countdown: 94
[rosout][INFO] 2017-03-09 10:40:18,442: In Following_waypoint state. Countdown: 93
[rosout][INFO] 2017-03-09 10:40:20,443: In Following_waypoint state. Countdown: 92
[rosout][INFO] 2017-03-09 10:40:22,442: In Following_waypoint state. Countdown: 91
[rosout][INFO] 2017-03-09 10:40:24,442: In Following_waypoint state. Countdown: 90
[rosout][INFO] 2017-03-09 10:40:26,442: In Following_waypoint state. Countdown: 89
[rosout][INFO] 2017-03-09 10:40:28,442: In Following_waypoint state. Countdown: 88
[rosout][INFO] 2017-03-09 10:40:30,442: In Following_waypoint state. Countdown: 87
[rosout][INFO] 2017-03-09 10:40:32,442: In Following_waypoint state. Countdown: 86
[rosout][INFO] 2017-03-09 10:40:34,441: In Following_waypoint state. Countdown: 85
[rosout][INFO] 2017-03-09 10:40:36,442: In Following_waypoint state. Countdown: 84
[rosout][INFO] 2017-03-09 10:40:38,442: In Following_waypoint state. Countdown: 83
[rosout][INFO] 2017-03-09 10:40:40,441: In Following_waypoint state. Countdown: 82
[rosout][INFO] 2017-03-09 10:40:42,442: In Following_waypoint state. Countdown: 81
[rosout][INFO] 2017-03-09 10:40:44,442: In Following_waypoint state. Countdown: 80
[rosout][INFO] 2017-03-09 10:40:46,442: In Following_waypoint state. Countdown: 79
[rosout][INFO] 2017-03-09 10:40:48,442: In Following_waypoint state. Countdown: 78
[rosout][INFO] 2017-03-09 10:40:50,442: In Following_waypoint state. Countdown: 77
[rosout][INFO] 2017-03-09 10:40:52,442: In Following_waypoint state. Countdown: 76
[rosout][INFO] 2017-03-09 10:40:54,442: In Following_waypoint state. Countdown: 75
[rosout][INFO] 2017-03-09 10:40:56,441: In Following_waypoint state. Countdown: 74
[rosout][INFO] 2017-03-09 10:40:58,442: In Following_waypoint state. Countdown: 73
[rosout][INFO] 2017-03-09 10:41:00,442: In Following_waypoint state. Countdown: 72
[rosout][INFO] 2017-03-09 10:41:02,442: In Following_waypoint state. Countdown: 71
[rosout][INFO] 2017-03-09 10:41:04,442: In Following_waypoint state. Countdown: 70
[rosout][INFO] 2017-03-09 10:41:04,570: /exec parse_msg_from_state: Following_waypoint,DONE,near_cone
[rosout][INFO] 2017-03-09 10:41:06,442: In Following_waypoint state. Countdown: 69
[rosout][INFO] 2017-03-09 10:41:08,445: Entered state: Failure
[rosout][INFO] 2017-03-09 10:41:08,447: /mavros/set_mode: HOLD
[rosout][INFO] 2017-03-09 10:41:08,460: /mavros/cmd/arming: False
[rosout][INFO] 2017-03-09 10:41:08,494: success: True
result: 0
[rospy.internal][WARNING] 2017-03-09 10:41:08,520: Unknown error initiating TCP/IP socket to 10.42.0.18:46710 (http://10.42.0.18:33542/): Traceback (most recent call last):
  File "/opt/ros/kinetic/lib/python2.7/dist-packages/rospy/impl/tcpros_base.py", line 555, in connect
    self.socket.connect((dest_addr, dest_port))
  File "/usr/lib/python2.7/socket.py", line 228, in meth
    return getattr(self._sock,name)(*args)
error: [Errno 111] Connection refused

[rospy.internal][INFO] 2017-03-09 10:41:08,521: topic[/exec_command] removing connection to http://10.42.0.18:33542/
[rospy.internal][INFO] 2017-03-09 10:43:24,793: topic[/exec_command] adding connection to [http://10.42.0.18:38279/], count 2
[rosout][INFO] 2017-03-09 10:43:24,840: /exec parse_msg_from_state: x,START_EXEC,x
[rosout][INFO] 2017-03-09 10:43:24,841: Entered state: Start
[rosout][INFO] 2017-03-09 10:43:24,843: /mavros/cmd/arming: False
[rosout][INFO] 2017-03-09 10:43:24,844: /mavros/set_mode: HOLD
[rosout][INFO] 2017-03-09 10:43:24,851: Entered state: Following_waypoint
[rosout][INFO] 2017-03-09 10:43:24,852: /mavros/set_mode: HOLD
[rosout][INFO] 2017-03-09 10:43:24,874: In Following_waypoint state. Countdown: 130
[rosout][INFO] 2017-03-09 10:43:26,867: In Following_waypoint state. Countdown: 129
[rosout][INFO] 2017-03-09 10:43:28,866: In Following_waypoint state. Countdown: 128
[rosout][INFO] 2017-03-09 10:43:30,866: In Following_waypoint state. Countdown: 127
[rosout][INFO] 2017-03-09 10:43:32,867: In Following_waypoint state. Countdown: 126
[rosout][INFO] 2017-03-09 10:43:34,866: In Following_waypoint state. Countdown: 125
[rosout][INFO] 2017-03-09 10:43:36,867: In Following_waypoint state. Countdown: 124
[rosout][INFO] 2017-03-09 10:43:38,867: In Following_waypoint state. Countdown: 123
[rosout][INFO] 2017-03-09 10:43:40,867: In Following_waypoint state. Countdown: 122
[rosout][INFO] 2017-03-09 10:43:42,867: In Following_waypoint state. Countdown: 121
[rosout][INFO] 2017-03-09 10:43:44,866: In Following_waypoint state. Countdown: 120
[rosout][INFO] 2017-03-09 10:43:46,867: In Following_waypoint state. Countdown: 119
[rosout][INFO] 2017-03-09 10:43:48,867: In Following_waypoint state. Countdown: 118
[rosout][INFO] 2017-03-09 10:43:50,866: In Following_waypoint state. Countdown: 117
[rosout][INFO] 2017-03-09 10:43:52,866: In Following_waypoint state. Countdown: 116
[rosout][INFO] 2017-03-09 10:43:54,866: In Following_waypoint state. Countdown: 115
[rosout][INFO] 2017-03-09 10:43:56,866: In Following_waypoint state. Countdown: 114
[rosout][INFO] 2017-03-09 10:43:58,868: In Following_waypoint state. Countdown: 113
[rosout][INFO] 2017-03-09 10:44:00,867: In Following_waypoint state. Countdown: 112
[rosout][INFO] 2017-03-09 10:44:02,866: In Following_waypoint state. Countdown: 111
[rosout][INFO] 2017-03-09 10:44:04,867: In Following_waypoint state. Countdown: 110
[rosout][INFO] 2017-03-09 10:44:06,866: In Following_waypoint state. Countdown: 109
[rospy.core][INFO] 2017-03-09 10:44:08,775: signal_shutdown [signal-2]
[rosout][INFO] 2017-03-09 10:44:08,867: In Following_waypoint state. Countdown: 108
[rospy.internal][ERROR] 2017-03-09 10:44:08,917: Unable to initiate TCP/IP socket to 10.42.0.1:44169 (http://10.42.0.1:35726/): Traceback (most recent call last):
  File "/opt/ros/kinetic/lib/python2.7/dist-packages/rospy/impl/tcpros_base.py", line 557, in connect
    self.read_header()
  File "/opt/ros/kinetic/lib/python2.7/dist-packages/rospy/impl/tcpros_base.py", line 632, in read_header
    self._validate_header(read_ros_handshake_header(sock, self.read_buff, self.protocol.buff_size))
  File "/opt/ros/kinetic/lib/python2.7/dist-packages/rospy/impl/tcpros_base.py", line 593, in _validate_header
    raise TransportInitError("remote error reported: %s"%header['error'])
TransportInitError: remote error reported: node shutting down

[rospy.internal][INFO] 2017-03-09 10:44:08,921: topic[/rosout] removing connection to /rosout
[rospy.internal][INFO] 2017-03-09 10:44:08,922: topic[/play] removing connection to /chatty
[rospy.internal][INFO] 2017-03-09 10:44:08,923: topic[/mavros/rc/override] removing connection to /mavros
[rospy.internal][INFO] 2017-03-09 10:44:08,923: topic[/state_command] removing connection to /state_follow_waypoint
[rospy.internal][INFO] 2017-03-09 10:44:08,924: topic[/exec_command] removing connection to /exec
[rospy.internal][ERROR] 2017-03-09 10:44:08,927: Unable to initiate TCP/IP socket to 10.42.0.1:45962 (http://10.42.0.1:37541/): Traceback (most recent call last):
  File "/opt/ros/kinetic/lib/python2.7/dist-packages/rospy/impl/tcpros_base.py", line 557, in connect
    self.read_header()
  File "/opt/ros/kinetic/lib/python2.7/dist-packages/rospy/impl/tcpros_base.py", line 632, in read_header
    self._validate_header(read_ros_handshake_header(sock, self.read_buff, self.protocol.buff_size))
  File "/opt/ros/kinetic/lib/python2.7/dist-packages/rospy/impl/tcpros_base.py", line 593, in _validate_header
    raise TransportInitError("remote error reported: %s"%header['error'])
TransportInitError: remote error reported: node shutting down

[rospy.internal][INFO] 2017-03-09 10:44:08,933: topic[/mavros/mission/waypoints] removing connection to http://10.42.0.1:39087/
[rospy.internal][INFO] 2017-03-09 10:44:08,933: topic[/exec_command] removing connection to http://10.42.0.1:35726/
[rospy.internal][WARNING] 2017-03-09 10:44:08,934: Unknown error initiating TCP/IP socket to 10.42.0.1:55015 (http://10.42.0.1:39087/): Traceback (most recent call last):
  File "/opt/ros/kinetic/lib/python2.7/dist-packages/rospy/impl/tcpros_base.py", line 558, in connect
    self.local_endpoint = self.socket.getsockname()
AttributeError: 'NoneType' object has no attribute 'getsockname'

[rospy.internal][INFO] 2017-03-09 10:44:08,934: topic[/exec_command] removing connection to http://10.42.0.1:37541/
[rospy.internal][INFO] 2017-03-09 10:44:08,935: topic[/exec_command] removing connection to http://10.42.0.18:38279/
[rospy.internal][INFO] 2017-03-09 10:44:08,936: topic[/mavros/state] removing connection to http://10.42.0.1:39087/
[rospy.internal][INFO] 2017-03-09 10:44:08,937: topic[/mavros/local_position/pose] removing connection to http://10.42.0.1:39087/
[rospy.topics][ERROR] 2017-03-09 10:44:08,939: Traceback (most recent call last):
  File "/opt/ros/kinetic/lib/python2.7/dist-packages/rospy/topics.py", line 307, in close
    c.close()
  File "/opt/ros/kinetic/lib/python2.7/dist-packages/rospy/impl/tcpros_base.py", line 820, in close
    self.socket.close()
AttributeError: 'NoneType' object has no attribute 'close'

[rospy.internal][WARNING] 2017-03-09 10:44:08,941: Unknown error initiating TCP/IP socket to 10.42.0.1:55015 (http://10.42.0.1:39087/): Traceback (most recent call last):
  File "/opt/ros/kinetic/lib/python2.7/dist-packages/rospy/impl/tcpros_base.py", line 557, in connect
    self.read_header()
  File "/opt/ros/kinetic/lib/python2.7/dist-packages/rospy/impl/tcpros_base.py", line 632, in read_header
    self._validate_header(read_ros_handshake_header(sock, self.read_buff, self.protocol.buff_size))
AttributeError: 'NoneType' object has no attribute 'buff_size'

[rospy.internal][INFO] 2017-03-09 10:44:08,945: topic[/mavros/battery] removing connection to http://10.42.0.1:39087/
[rospy.internal][INFO] 2017-03-09 10:44:08,946: topic[/mavros/setpoint_raw/target_local] removing connection to http://10.42.0.1:39087/
[rospy.internal][WARNING] 2017-03-09 10:44:08,947: Unknown error initiating TCP/IP socket to 10.42.0.1:55015 (http://10.42.0.1:39087/): Traceback (most recent call last):
  File "/opt/ros/kinetic/lib/python2.7/dist-packages/rospy/impl/tcpros_base.py", line 558, in connect
    self.local_endpoint = self.socket.getsockname()
AttributeError: 'NoneType' object has no attribute 'getsockname'

[rospy.impl.masterslave][INFO] 2017-03-09 10:44:08,948: signal-2
[rospy.core][INFO] 2017-03-09 10:44:09,416: signal_shutdown [atexit]
