[rospy.client][INFO] 2017-03-09 10:24:54,506: init_node, name[/state_follow_waypoint], pid[2553]
[xmlrpc][INFO] 2017-03-09 10:24:54,507: XML-RPC server binding to 0.0.0.0:0
[xmlrpc][INFO] 2017-03-09 10:24:54,508: Started XML-RPC server [http://10.42.0.1:43182/]
[rospy.impl.masterslave][INFO] 2017-03-09 10:24:54,512: _ready: http://10.42.0.1:43182/
[rospy.init][INFO] 2017-03-09 10:24:54,513: ROS Slave URI: [http://10.42.0.1:43182/]
[xmlrpc][INFO] 2017-03-09 10:24:54,521: xml rpc node: starting XML-RPC server
[rospy.registration][INFO] 2017-03-09 10:24:54,522: Registering with master node http://10.42.0.1:11311
[rospy.init][INFO] 2017-03-09 10:24:54,621: registered with master
[rospy.rosout][INFO] 2017-03-09 10:24:54,621: initializing /rosout core topic
[rospy.rosout][INFO] 2017-03-09 10:24:54,631: connected to core topic /rosout
[rospy.simtime][INFO] 2017-03-09 10:24:54,642: /use_sim_time is not set, will not subscribe to simulated time [/clock] topic
[rospy.internal][INFO] 2017-03-09 10:24:54,937: topic[/rosout] adding connection to [/rosout], count 0
[rospy.internal][INFO] 2017-03-09 10:24:55,039: topic[/mavros/local_position/pose] adding connection to [http://10.42.0.1:37656/], count 0
[rospy.internal][INFO] 2017-03-09 10:24:55,041: topic[/mavros/setpoint_raw/target_local] adding connection to [http://10.42.0.1:37656/], count 0
[rospy.internal][INFO] 2017-03-09 10:24:55,075: topic[/mavros/state] adding connection to [http://10.42.0.1:37656/], count 0
[rospy.internal][INFO] 2017-03-09 10:24:55,082: topic[/mavros/battery] adding connection to [http://10.42.0.1:37656/], count 0
[rospy.internal][INFO] 2017-03-09 10:24:55,251: topic[/mavros/mission/waypoints] adding connection to [http://10.42.0.1:37656/], count 0
[rospy.internal][INFO] 2017-03-09 10:24:55,336: topic[/state_command] adding connection to [http://10.42.0.1:43150/], count 0
[rospy.internal][INFO] 2017-03-09 10:24:55,341: topic[/state_command] adding connection to [http://10.42.0.1:43182/], count 1
[rospy.internal][INFO] 2017-03-09 10:24:55,346: topic[/state_command] adding connection to [/state_follow_waypoint], count 0
[rospy.internal][INFO] 2017-03-09 10:24:55,355: topic[/exec_command] adding connection to [/exec], count 0
[rospy.internal][INFO] 2017-03-09 10:24:55,415: topic[/mavros/rc/override] adding connection to [/mavros], count 0
[rosout][INFO] 2017-03-09 10:25:40,737: /state_follow_waypoint parse_msg_to_state: Following_waypoint,RESET
[rosout][INFO] 2017-03-09 10:25:40,738: /state_follow_waypoint cmd_callback: Following_waypoint,RESET
[rosout][INFO] 2017-03-09 10:25:40,742: /mavros/set_mode: HOLD
[rosout][INFO] 2017-03-09 10:25:40,755: /mavros/cmd/arming: False
[rosout][INFO] 2017-03-09 10:25:40,756: /state_follow_waypoint parse_msg_to_state: Following_waypoint,START
[rosout][INFO] 2017-03-09 10:25:40,758: /state_follow_waypoint cmd_callback: Following_waypoint,START
[rosout][INFO] 2017-03-09 10:25:40,759: state_start
[rosout][INFO] 2017-03-09 10:25:40,761: /mavros/set_mode: HOLD
[rosout][INFO] 2017-03-09 10:25:40,773: /mavros/cmd/arming: False
[rosout][INFO] 2017-03-09 10:25:40,778: /mavros/mission/set_current: 0
[rosout][INFO] 2017-03-09 10:25:40,810: success: True
[rosout][INFO] 2017-03-09 10:25:40,813: /mavros/set_mode: AUTO
[rosout][INFO] 2017-03-09 10:25:40,820: /mavros/cmd/arming: True
[rosout][INFO] 2017-03-09 10:25:40,865: success: True
result: 0
[rosout][INFO] 2017-03-09 10:25:40,868: Driving to waypoint. Status: 120
[rosout][INFO] 2017-03-09 10:25:42,869: Driving to waypoint. Status: 119
[rosout][INFO] 2017-03-09 10:25:44,869: Driving to waypoint. Status: 118
[rosout][INFO] 2017-03-09 10:25:46,868: Driving to waypoint. Status: 117
[rosout][INFO] 2017-03-09 10:25:48,870: Driving to waypoint. Status: 116
[rosout][INFO] 2017-03-09 10:25:50,870: Driving to waypoint. Status: 115
[rosout][INFO] 2017-03-09 10:25:52,869: Driving to waypoint. Status: 114
[rosout][INFO] 2017-03-09 10:25:54,868: Driving to waypoint. Status: 113
[rosout][INFO] 2017-03-09 10:25:56,869: Driving to waypoint. Status: 112
[rosout][INFO] 2017-03-09 10:25:58,869: Driving to waypoint. Status: 111
[rosout][INFO] 2017-03-09 10:26:00,869: Driving to waypoint. Status: 110
[rosout][INFO] 2017-03-09 10:26:02,870: Driving to waypoint. Status: 109
[rosout][INFO] 2017-03-09 10:26:04,870: Driving to waypoint. Status: 108
[rosout][INFO] 2017-03-09 10:26:06,868: Driving to waypoint. Status: 107
[rosout][INFO] 2017-03-09 10:26:08,869: Driving to waypoint. Status: 106
[rosout][INFO] 2017-03-09 10:26:10,868: Driving to waypoint. Status: 105
[rosout][INFO] 2017-03-09 10:26:12,868: Driving to waypoint. Status: 104
[rosout][INFO] 2017-03-09 10:26:14,868: Driving to waypoint. Status: 103
[rosout][INFO] 2017-03-09 10:26:16,868: Driving to waypoint. Status: 102
[rosout][INFO] 2017-03-09 10:26:18,869: Driving to waypoint. Status: 101
[rosout][INFO] 2017-03-09 10:26:20,868: Driving to waypoint. Status: 100
[rosout][INFO] 2017-03-09 10:26:22,869: Driving to waypoint. Status: 99
[rosout][INFO] 2017-03-09 10:26:24,868: Driving to waypoint. Status: 98
[rosout][INFO] 2017-03-09 10:26:26,868: Driving to waypoint. Status: 97
[rosout][INFO] 2017-03-09 10:26:28,870: Driving to waypoint. Status: 96
[rosout][INFO] 2017-03-09 10:26:30,869: Driving to waypoint. Status: 95
[rosout][INFO] 2017-03-09 10:26:32,869: Driving to waypoint. Status: 94
[rosout][INFO] 2017-03-09 10:26:34,868: Driving to waypoint. Status: 93
[rosout][INFO] 2017-03-09 10:26:36,870: Driving to waypoint. Status: 92
[rosout][INFO] 2017-03-09 10:26:38,869: Driving to waypoint. Status: 91
[rosout][INFO] 2017-03-09 10:26:40,870: Driving to waypoint. Status: 90
[rosout][INFO] 2017-03-09 10:26:42,869: Driving to waypoint. Status: 89
[rosout][INFO] 2017-03-09 10:26:44,869: Driving to waypoint. Status: 88
[rosout][INFO] 2017-03-09 10:26:46,868: Driving to waypoint. Status: 87
[rosout][INFO] 2017-03-09 10:26:48,870: Driving to waypoint. Status: 86
[rosout][INFO] 2017-03-09 10:26:50,869: Driving to waypoint. Status: 85
[rosout][INFO] 2017-03-09 10:26:52,869: Driving to waypoint. Status: 84
[rosout][INFO] 2017-03-09 10:26:54,868: Driving to waypoint. Status: 83
[rosout][INFO] 2017-03-09 10:26:56,868: Driving to waypoint. Status: 82
[rosout][INFO] 2017-03-09 10:26:58,868: Driving to waypoint. Status: 81
[rosout][INFO] 2017-03-09 10:27:00,868: Driving to waypoint. Status: 80
[rosout][INFO] 2017-03-09 10:27:02,869: Driving to waypoint. Status: 79
[rosout][INFO] 2017-03-09 10:27:04,870: Driving to waypoint. Status: 78
[rosout][INFO] 2017-03-09 10:27:06,868: Driving to waypoint. Status: 77
[rosout][INFO] 2017-03-09 10:27:08,870: Driving to waypoint. Status: 76
[rosout][INFO] 2017-03-09 10:27:10,870: Driving to waypoint. Status: 75
[rosout][INFO] 2017-03-09 10:27:12,868: Driving to waypoint. Status: 74
[rosout][INFO] 2017-03-09 10:27:14,869: Driving to waypoint. Status: 73
[rosout][INFO] 2017-03-09 10:27:16,868: Driving to waypoint. Status: 72
[rosout][INFO] 2017-03-09 10:27:18,869: Driving to waypoint. Status: 71
[rosout][INFO] 2017-03-09 10:27:20,869: Driving to waypoint. Status: 70
[rosout][INFO] 2017-03-09 10:27:22,868: Driving to waypoint. Status: 69
[rosout][INFO] 2017-03-09 10:27:24,870: Driving to waypoint. Status: 68
[rosout][INFO] 2017-03-09 10:27:26,869: Driving to waypoint. Status: 67
[rosout][INFO] 2017-03-09 10:27:28,870: Driving to waypoint. Status: 66
[rosout][INFO] 2017-03-09 10:27:30,869: Driving to waypoint. Status: 65
[rosout][INFO] 2017-03-09 10:27:32,868: Driving to waypoint. Status: 64
[rosout][INFO] 2017-03-09 10:27:34,871: Driving to waypoint. Status: 63
[rosout][INFO] 2017-03-09 10:27:36,869: Driving to waypoint. Status: 62
[rosout][INFO] 2017-03-09 10:27:38,868: Driving to waypoint. Status: 61
[rosout][INFO] 2017-03-09 10:27:40,869: Driving to waypoint. Status: 60
[rosout][INFO] 2017-03-09 10:27:40,870: /mavros/set_mode: HOLD
[rosout][INFO] 2017-03-09 10:27:44,739: /state_follow_waypoint parse_msg_to_state: Following_waypoint,RESET
[rosout][INFO] 2017-03-09 10:27:44,741: /state_follow_waypoint cmd_callback: Following_waypoint,RESET
[rosout][INFO] 2017-03-09 10:27:44,744: /mavros/set_mode: HOLD
[rosout][INFO] 2017-03-09 10:27:44,756: /mavros/cmd/arming: False
[rosout][INFO] 2017-03-09 10:27:44,767: Service arm call failed: service [/mavros/cmd/arming] responded with an error: . Attempted to set False
[rosout][INFO] 2017-03-09 10:30:30,994: /state_follow_waypoint parse_msg_to_state: Following_waypoint,RESET
[rosout][INFO] 2017-03-09 10:30:30,995: /state_follow_waypoint cmd_callback: Following_waypoint,RESET
[rosout][INFO] 2017-03-09 10:30:30,996: /mavros/set_mode: HOLD
[rosout][INFO] 2017-03-09 10:30:31,011: /mavros/cmd/arming: False
[rosout][INFO] 2017-03-09 10:30:31,012: /state_follow_waypoint parse_msg_to_state: Following_waypoint,START
[rosout][INFO] 2017-03-09 10:30:31,013: /state_follow_waypoint cmd_callback: Following_waypoint,START
[rosout][INFO] 2017-03-09 10:30:31,015: state_start
[rosout][INFO] 2017-03-09 10:30:31,017: /mavros/set_mode: HOLD
[rosout][INFO] 2017-03-09 10:30:31,024: /mavros/cmd/arming: False
[rosout][INFO] 2017-03-09 10:30:31,029: /mavros/mission/set_current: 0
[rosout][INFO] 2017-03-09 10:30:31,053: success: True
[rosout][INFO] 2017-03-09 10:30:31,055: /mavros/set_mode: AUTO
[rosout][INFO] 2017-03-09 10:30:31,062: /mavros/cmd/arming: True
[rosout][INFO] 2017-03-09 10:30:31,143: success: True
result: 0
[rosout][INFO] 2017-03-09 10:30:31,147: Driving to waypoint. Status: 120
[rosout][INFO] 2017-03-09 10:30:33,148: Driving to waypoint. Status: 119
[rosout][INFO] 2017-03-09 10:30:35,148: Driving to waypoint. Status: 118
[rosout][INFO] 2017-03-09 10:30:37,148: Driving to waypoint. Status: 117
[rosout][INFO] 2017-03-09 10:30:39,148: Driving to waypoint. Status: 116
[rosout][INFO] 2017-03-09 10:30:41,149: Driving to waypoint. Status: 115
[rosout][INFO] 2017-03-09 10:30:43,148: Driving to waypoint. Status: 114
[rosout][INFO] 2017-03-09 10:30:45,148: Driving to waypoint. Status: 113
[rosout][INFO] 2017-03-09 10:30:47,149: Driving to waypoint. Status: 112
[rosout][INFO] 2017-03-09 10:30:49,147: Driving to waypoint. Status: 111
[rosout][INFO] 2017-03-09 10:30:51,148: Driving to waypoint. Status: 110
[rosout][INFO] 2017-03-09 10:30:53,148: Driving to waypoint. Status: 109
[rosout][INFO] 2017-03-09 10:30:55,148: Driving to waypoint. Status: 108
[rosout][INFO] 2017-03-09 10:30:57,147: Driving to waypoint. Status: 107
[rosout][INFO] 2017-03-09 10:30:59,148: Driving to waypoint. Status: 106
[rosout][INFO] 2017-03-09 10:31:01,149: Driving to waypoint. Status: 105
[rosout][INFO] 2017-03-09 10:31:03,148: Driving to waypoint. Status: 104
[rosout][INFO] 2017-03-09 10:31:05,149: Driving to waypoint. Status: 103
[rosout][INFO] 2017-03-09 10:31:07,148: Driving to waypoint. Status: 102
[rosout][INFO] 2017-03-09 10:31:09,148: Driving to waypoint. Status: 101
[rosout][INFO] 2017-03-09 10:31:11,147: Driving to waypoint. Status: 100
[rosout][INFO] 2017-03-09 10:31:13,148: Driving to waypoint. Status: 99
[rosout][INFO] 2017-03-09 10:31:15,148: Driving to waypoint. Status: 98
[rosout][INFO] 2017-03-09 10:31:17,148: Driving to waypoint. Status: 97
[rosout][INFO] 2017-03-09 10:31:19,149: Driving to waypoint. Status: 96
[rosout][INFO] 2017-03-09 10:31:21,149: Driving to waypoint. Status: 95
[rosout][INFO] 2017-03-09 10:31:23,148: Driving to waypoint. Status: 94
[rosout][INFO] 2017-03-09 10:31:25,148: Driving to waypoint. Status: 93
[rosout][INFO] 2017-03-09 10:31:27,148: Driving to waypoint. Status: 92
[rosout][INFO] 2017-03-09 10:31:29,149: Driving to waypoint. Status: 91
[rosout][INFO] 2017-03-09 10:31:31,148: Driving to waypoint. Status: 90
[rosout][INFO] 2017-03-09 10:31:33,149: Driving to waypoint. Status: 89
[rosout][INFO] 2017-03-09 10:31:35,149: Driving to waypoint. Status: 88
[rosout][INFO] 2017-03-09 10:31:37,148: Driving to waypoint. Status: 87
[rosout][INFO] 2017-03-09 10:31:39,148: Driving to waypoint. Status: 86
[rosout][INFO] 2017-03-09 10:31:41,148: Driving to waypoint. Status: 85
[rosout][INFO] 2017-03-09 10:31:43,148: Driving to waypoint. Status: 84
[rosout][INFO] 2017-03-09 10:31:45,148: Driving to waypoint. Status: 83
[rosout][INFO] 2017-03-09 10:31:47,148: Driving to waypoint. Status: 82
[rosout][INFO] 2017-03-09 10:31:49,149: Driving to waypoint. Status: 81
[rosout][INFO] 2017-03-09 10:31:51,149: Driving to waypoint. Status: 80
[rosout][INFO] 2017-03-09 10:31:53,148: Driving to waypoint. Status: 79
[rosout][INFO] 2017-03-09 10:31:55,148: Driving to waypoint. Status: 78
[rosout][INFO] 2017-03-09 10:31:57,147: Driving to waypoint. Status: 77
[rosout][INFO] 2017-03-09 10:31:59,148: Driving to waypoint. Status: 76
[rosout][INFO] 2017-03-09 10:32:01,148: Driving to waypoint. Status: 75
[rosout][INFO] 2017-03-09 10:32:03,148: Driving to waypoint. Status: 74
[rosout][INFO] 2017-03-09 10:32:05,149: Driving to waypoint. Status: 73
[rosout][INFO] 2017-03-09 10:32:07,148: Driving to waypoint. Status: 72
[rosout][INFO] 2017-03-09 10:32:09,148: Driving to waypoint. Status: 71
[rosout][INFO] 2017-03-09 10:32:11,148: Driving to waypoint. Status: 70
[rosout][INFO] 2017-03-09 10:32:13,148: Driving to waypoint. Status: 69
[rosout][INFO] 2017-03-09 10:32:15,148: Driving to waypoint. Status: 68
[rosout][INFO] 2017-03-09 10:32:17,148: Driving to waypoint. Status: 67
[rosout][INFO] 2017-03-09 10:32:19,148: Driving to waypoint. Status: 66
[rosout][INFO] 2017-03-09 10:32:21,148: Driving to waypoint. Status: 65
[rosout][INFO] 2017-03-09 10:32:23,149: Driving to waypoint. Status: 64
[rosout][INFO] 2017-03-09 10:32:25,148: Driving to waypoint. Status: 63
[rosout][INFO] 2017-03-09 10:32:27,148: Driving to waypoint. Status: 62
[rosout][INFO] 2017-03-09 10:32:29,148: Driving to waypoint. Status: 61
[rosout][INFO] 2017-03-09 10:32:31,150: Driving to waypoint. Status: 60
[rosout][INFO] 2017-03-09 10:32:31,151: /mavros/set_mode: HOLD
[rosout][INFO] 2017-03-09 10:32:34,997: /state_follow_waypoint parse_msg_to_state: Following_waypoint,RESET
[rosout][INFO] 2017-03-09 10:32:34,998: /state_follow_waypoint cmd_callback: Following_waypoint,RESET
[rosout][INFO] 2017-03-09 10:32:34,999: /mavros/set_mode: HOLD
[rosout][INFO] 2017-03-09 10:32:35,011: /mavros/cmd/arming: False
[rosout][INFO] 2017-03-09 10:32:35,023: Service arm call failed: service [/mavros/cmd/arming] responded with an error: . Attempted to set False
[rosout][INFO] 2017-03-09 10:33:16,801: /state_follow_waypoint parse_msg_to_state: Following_waypoint,RESET
[rosout][INFO] 2017-03-09 10:33:16,802: /state_follow_waypoint cmd_callback: Following_waypoint,RESET
[rosout][INFO] 2017-03-09 10:33:16,803: /mavros/set_mode: HOLD
[rosout][INFO] 2017-03-09 10:33:16,819: /mavros/cmd/arming: False
[rosout][INFO] 2017-03-09 10:33:16,821: /state_follow_waypoint parse_msg_to_state: Following_waypoint,START
[rosout][INFO] 2017-03-09 10:33:16,823: /state_follow_waypoint cmd_callback: Following_waypoint,START
[rosout][INFO] 2017-03-09 10:33:16,825: state_start
[rosout][INFO] 2017-03-09 10:33:16,826: /mavros/set_mode: HOLD
[rosout][INFO] 2017-03-09 10:33:16,834: /mavros/cmd/arming: False
[rosout][INFO] 2017-03-09 10:33:16,839: /mavros/mission/set_current: 0
[rosout][INFO] 2017-03-09 10:33:16,875: success: True
[rosout][INFO] 2017-03-09 10:33:16,876: /mavros/set_mode: AUTO
[rosout][INFO] 2017-03-09 10:33:16,889: /mavros/cmd/arming: True
[rosout][INFO] 2017-03-09 10:33:16,926: success: True
result: 0
[rosout][INFO] 2017-03-09 10:33:16,927: Driving to waypoint. Status: 120
[rosout][INFO] 2017-03-09 10:33:18,928: Driving to waypoint. Status: 119
[rosout][INFO] 2017-03-09 10:33:20,929: Driving to waypoint. Status: 118
[rosout][INFO] 2017-03-09 10:33:22,929: Driving to waypoint. Status: 117
[rosout][INFO] 2017-03-09 10:33:24,928: Driving to waypoint. Status: 116
[rosout][INFO] 2017-03-09 10:33:26,928: Driving to waypoint. Status: 115
[rosout][INFO] 2017-03-09 10:33:28,928: Driving to waypoint. Status: 114
[rosout][INFO] 2017-03-09 10:33:30,929: Driving to waypoint. Status: 113
[rosout][INFO] 2017-03-09 10:33:32,928: Driving to waypoint. Status: 112
[rosout][INFO] 2017-03-09 10:33:34,927: Driving to waypoint. Status: 111
[rosout][INFO] 2017-03-09 10:33:36,928: Driving to waypoint. Status: 110
[rosout][INFO] 2017-03-09 10:33:38,929: Driving to waypoint. Status: 109
[rosout][INFO] 2017-03-09 10:33:40,929: Driving to waypoint. Status: 108
[rosout][INFO] 2017-03-09 10:33:42,929: Driving to waypoint. Status: 107
[rosout][INFO] 2017-03-09 10:33:44,929: Driving to waypoint. Status: 106
[rosout][INFO] 2017-03-09 10:33:46,929: Driving to waypoint. Status: 105
[rosout][INFO] 2017-03-09 10:33:48,929: Driving to waypoint. Status: 104
[rosout][INFO] 2017-03-09 10:33:50,928: Driving to waypoint. Status: 103
[rosout][INFO] 2017-03-09 10:33:52,929: Driving to waypoint. Status: 102
[rosout][INFO] 2017-03-09 10:33:54,928: Driving to waypoint. Status: 101
[rosout][INFO] 2017-03-09 10:33:56,928: Driving to waypoint. Status: 100
[rosout][INFO] 2017-03-09 10:33:58,928: Driving to waypoint. Status: 99
[rosout][INFO] 2017-03-09 10:34:00,928: Driving to waypoint. Status: 98
[rosout][INFO] 2017-03-09 10:34:02,928: Driving to waypoint. Status: 97
[rosout][INFO] 2017-03-09 10:34:04,928: Driving to waypoint. Status: 96
[rosout][INFO] 2017-03-09 10:34:06,929: Driving to waypoint. Status: 95
[rosout][INFO] 2017-03-09 10:34:08,928: Driving to waypoint. Status: 94
[rosout][INFO] 2017-03-09 10:34:10,929: Driving to waypoint. Status: 93
[rosout][INFO] 2017-03-09 10:34:12,928: Driving to waypoint. Status: 92
[rosout][INFO] 2017-03-09 10:34:14,929: Driving to waypoint. Status: 91
[rosout][INFO] 2017-03-09 10:34:16,929: Driving to waypoint. Status: 90
[rosout][INFO] 2017-03-09 10:34:18,930: Driving to waypoint. Status: 89
[rosout][INFO] 2017-03-09 10:34:20,929: Driving to waypoint. Status: 88
[rosout][INFO] 2017-03-09 10:34:22,929: Driving to waypoint. Status: 87
[rosout][INFO] 2017-03-09 10:34:24,929: Driving to waypoint. Status: 86
[rosout][INFO] 2017-03-09 10:34:26,928: Driving to waypoint. Status: 85
[rosout][INFO] 2017-03-09 10:34:28,928: Driving to waypoint. Status: 84
[rosout][INFO] 2017-03-09 10:34:30,928: Driving to waypoint. Status: 83
[rosout][INFO] 2017-03-09 10:34:32,928: Driving to waypoint. Status: 82
[rosout][INFO] 2017-03-09 10:34:34,928: Driving to waypoint. Status: 81
[rosout][INFO] 2017-03-09 10:34:36,928: Driving to waypoint. Status: 80
[rosout][INFO] 2017-03-09 10:34:38,928: Driving to waypoint. Status: 79
[rosout][INFO] 2017-03-09 10:34:40,928: Driving to waypoint. Status: 78
[rosout][INFO] 2017-03-09 10:34:42,928: Driving to waypoint. Status: 77
[rosout][INFO] 2017-03-09 10:34:44,928: Driving to waypoint. Status: 76
[rosout][INFO] 2017-03-09 10:34:46,928: Driving to waypoint. Status: 75
[rosout][INFO] 2017-03-09 10:34:48,928: Driving to waypoint. Status: 74
[rosout][INFO] 2017-03-09 10:34:50,928: Driving to waypoint. Status: 73
[rosout][INFO] 2017-03-09 10:34:52,929: Driving to waypoint. Status: 72
[rosout][INFO] 2017-03-09 10:34:54,928: Driving to waypoint. Status: 71
[rosout][INFO] 2017-03-09 10:34:56,929: Driving to waypoint. Status: 70
[rosout][INFO] 2017-03-09 10:34:58,928: Driving to waypoint. Status: 69
[rosout][INFO] 2017-03-09 10:35:00,928: Driving to waypoint. Status: 68
[rosout][INFO] 2017-03-09 10:35:02,928: Driving to waypoint. Status: 67
[rosout][INFO] 2017-03-09 10:35:04,928: Driving to waypoint. Status: 66
[rosout][INFO] 2017-03-09 10:35:06,928: Driving to waypoint. Status: 65
[rosout][INFO] 2017-03-09 10:35:08,929: Driving to waypoint. Status: 64
[rosout][INFO] 2017-03-09 10:35:10,927: Driving to waypoint. Status: 63
[rosout][INFO] 2017-03-09 10:35:12,928: Driving to waypoint. Status: 62
[rosout][INFO] 2017-03-09 10:35:14,928: Driving to waypoint. Status: 61
[rosout][INFO] 2017-03-09 10:35:16,928: Driving to waypoint. Status: 60
[rosout][INFO] 2017-03-09 10:35:16,930: /mavros/set_mode: HOLD
[rosout][INFO] 2017-03-09 10:35:20,804: /state_follow_waypoint parse_msg_to_state: Following_waypoint,RESET
[rosout][INFO] 2017-03-09 10:35:20,805: /state_follow_waypoint cmd_callback: Following_waypoint,RESET
[rosout][INFO] 2017-03-09 10:35:20,807: /mavros/set_mode: HOLD
[rosout][INFO] 2017-03-09 10:35:20,822: /mavros/cmd/arming: False
[rosout][INFO] 2017-03-09 10:35:20,832: Service arm call failed: service [/mavros/cmd/arming] responded with an error: . Attempted to set False
[rospy.core][INFO] 2017-03-09 10:36:18,492: signal_shutdown [signal-2]
[rospy.internal][INFO] 2017-03-09 10:36:18,626: topic[/rosout] removing connection to /rosout
[rospy.internal][INFO] 2017-03-09 10:36:18,627: topic[/mavros/rc/override] removing connection to /mavros
[rospy.internal][INFO] 2017-03-09 10:36:18,629: topic[/state_command] removing connection to /state_follow_waypoint
[rospy.internal][INFO] 2017-03-09 10:36:18,632: topic[/exec_command] removing connection to /exec
[rospy.internal][ERROR] 2017-03-09 10:36:18,633: Unable to initiate TCP/IP socket to 10.42.0.1:39324 (http://10.42.0.1:43182/): Traceback (most recent call last):
  File "/opt/ros/kinetic/lib/python2.7/dist-packages/rospy/impl/tcpros_base.py", line 557, in connect
    self.read_header()
  File "/opt/ros/kinetic/lib/python2.7/dist-packages/rospy/impl/tcpros_base.py", line 632, in read_header
    self._validate_header(read_ros_handshake_header(sock, self.read_buff, self.protocol.buff_size))
  File "/opt/ros/kinetic/lib/python2.7/dist-packages/rospy/impl/tcpros_base.py", line 593, in _validate_header
    raise TransportInitError("remote error reported: %s"%header['error'])
TransportInitError: remote error reported: node shutting down

[rospy.internal][INFO] 2017-03-09 10:36:18,634: topic[/mavros/mission/waypoints] removing connection to http://10.42.0.1:37656/
[rospy.internal][INFO] 2017-03-09 10:36:18,636: topic[/mavros/state] removing connection to http://10.42.0.1:37656/
[rospy.internal][INFO] 2017-03-09 10:36:18,636: topic[/mavros/local_position/pose] removing connection to http://10.42.0.1:37656/
[rospy.internal][INFO] 2017-03-09 10:36:18,637: topic[/mavros/battery] removing connection to http://10.42.0.1:37656/
[rospy.internal][INFO] 2017-03-09 10:36:18,639: topic[/state_command] removing connection to http://10.42.0.1:43150/
[rospy.internal][INFO] 2017-03-09 10:36:18,640: topic[/state_command] removing connection to http://10.42.0.1:43182/
[rospy.internal][INFO] 2017-03-09 10:36:18,641: topic[/mavros/setpoint_raw/target_local] removing connection to http://10.42.0.1:37656/
[rospy.internal][WARNING] 2017-03-09 10:36:18,642: Unknown error initiating TCP/IP socket to 10.42.0.1:60429 (http://10.42.0.1:37656/): Traceback (most recent call last):
  File "/opt/ros/kinetic/lib/python2.7/dist-packages/rospy/impl/tcpros_base.py", line 557, in connect
    self.read_header()
  File "/opt/ros/kinetic/lib/python2.7/dist-packages/rospy/impl/tcpros_base.py", line 632, in read_header
    self._validate_header(read_ros_handshake_header(sock, self.read_buff, self.protocol.buff_size))
AttributeError: 'NoneType' object has no attribute 'buff_size'

[rospy.topics][ERROR] 2017-03-09 10:36:18,645: Traceback (most recent call last):
  File "/opt/ros/kinetic/lib/python2.7/dist-packages/rospy/topics.py", line 307, in close
    c.close()
  File "/opt/ros/kinetic/lib/python2.7/dist-packages/rospy/impl/tcpros_base.py", line 820, in close
    self.socket.close()
AttributeError: 'NoneType' object has no attribute 'close'

[rospy.impl.masterslave][INFO] 2017-03-09 10:36:18,646: signal-2
[rospy.core][INFO] 2017-03-09 10:36:19,165: signal_shutdown [atexit]
